<?xml version="1.0" encoding="UTF-8" ?>
<testsuite failures="0" time="0.049" errors="0" skipped="0" tests="13" name="com.tahona.di.TestBeanContainer">
  <properties>
    <property name="java.runtime.name" value="Java(TM) SE Runtime Environment"/>
    <property name="sun.boot.library.path" value="C:\Program Files\Java\jdk1.6.0_25\jre\bin"/>
    <property name="java.vm.version" value="20.0-b11"/>
    <property name="java.vm.vendor" value="Sun Microsystems Inc."/>
    <property name="java.vendor.url" value="http://java.sun.com/"/>
    <property name="path.separator" value=";"/>
    <property name="java.vm.name" value="Java HotSpot(TM) 64-Bit Server VM"/>
    <property name="file.encoding.pkg" value="sun.io"/>
    <property name="user.country" value="PL"/>
    <property name="sun.java.launcher" value="SUN_STANDARD"/>
    <property name="sun.os.patch.level" value="Service Pack 1"/>
    <property name="java.vm.specification.name" value="Java Virtual Machine Specification"/>
    <property name="user.dir" value="D:\eclipse-android\Workspace\TestDev"/>
    <property name="java.runtime.version" value="1.6.0_25-b06"/>
    <property name="java.awt.graphicsenv" value="sun.awt.Win32GraphicsEnvironment"/>
    <property name="basedir" value="D:\eclipse-android\Workspace\TestDev"/>
    <property name="java.endorsed.dirs" value="C:\Program Files\Java\jdk1.6.0_25\jre\lib\endorsed"/>
    <property name="os.arch" value="amd64"/>
    <property name="surefire.real.class.path" value="D:\eclipse-android\Workspace\TestDev\target\surefire\surefirebooter4278371263293193324.jar"/>
    <property name="java.io.tmpdir" value="C:\Users\PRIMOS~1\AppData\Local\Temp\"/>
    <property name="line.separator" value="
"/>
    <property name="java.vm.specification.vendor" value="Sun Microsystems Inc."/>
    <property name="user.variant" value=""/>
    <property name="os.name" value="Windows 7"/>
    <property name="sun.jnu.encoding" value="Cp1250"/>
    <property name="java.library.path" value="C:\Program Files\Java\jdk1.6.0_25\jre\bin;.;C:\Windows\Sun\Java\bin;C:\Windows\system32;C:\Windows;C:\Program Files\Common Files\Microsoft Shared\Windows Live;C:\Program Files (x86)\NVIDIA Corporation\PhysX\Common;C:\Windows\system32;C:\Windows;C:\Windows\System32\Wbem;C:\Windows\System32\WindowsPowerShell\v1.0\;C:\Program Files\Java\jdk1.7.0_45\bin;D:\installed\apache-maven-3.1.1\bin;D:\eclipse-php\wamp2\bin\php\php5.4.12\;C:\ProgramData\ComposerSetup\bin;C:\Program Files\TortoiseSVN\bin;D:\eclipse-php\wamp2\bin\mysql\mysql5.6.12\bin;C:\Program Files (x86)\QuickTime\QTSystem\;C:\Program Files\Java\jdk1.7.0_45\bin;D:\eclipse-android\adt-bundle-windows-x86_64-20130917\sdk\tools;D:\eclipse-android\adt-bundle-windows-x86_64-20130917\sdk\platform-tools;C:\Program Files\Common Files\Microsoft Shared\Windows Live"/>
    <property name="surefire.test.class.path" value="D:\eclipse-android\Workspace\TestDev\target\test-classes;D:\eclipse-android\Workspace\TestDev\target\classes;C:\Users\primosz67\.m2\repository\junit\junit\4.8.2\junit-4.8.2.jar;"/>
    <property name="java.specification.name" value="Java Platform API Specification"/>
    <property name="java.class.version" value="50.0"/>
    <property name="sun.management.compiler" value="HotSpot 64-Bit Tiered Compilers"/>
    <property name="os.version" value="6.1"/>
    <property name="user.home" value="C:\Users\primosz67"/>
    <property name="user.timezone" value=""/>
    <property name="java.awt.printerjob" value="sun.awt.windows.WPrinterJob"/>
    <property name="java.specification.version" value="1.6"/>
    <property name="file.encoding" value="Cp1250"/>
    <property name="user.name" value="primosz67"/>
    <property name="java.class.path" value="D:\eclipse-android\Workspace\TestDev\target\test-classes;D:\eclipse-android\Workspace\TestDev\target\classes;C:\Users\primosz67\.m2\repository\junit\junit\4.8.2\junit-4.8.2.jar;"/>
    <property name="java.vm.specification.version" value="1.0"/>
    <property name="sun.arch.data.model" value="64"/>
    <property name="java.home" value="C:\Program Files\Java\jdk1.6.0_25\jre"/>
    <property name="sun.java.command" value="D:\eclipse-android\Workspace\TestDev\target\surefire\surefirebooter4278371263293193324.jar D:\eclipse-android\Workspace\TestDev\target\surefire\surefire7955392423148925612tmp D:\eclipse-android\Workspace\TestDev\target\surefire\surefire8424005538276583343tmp"/>
    <property name="java.specification.vendor" value="Sun Microsystems Inc."/>
    <property name="user.language" value="pl"/>
    <property name="awt.toolkit" value="sun.awt.windows.WToolkit"/>
    <property name="java.vm.info" value="mixed mode"/>
    <property name="java.version" value="1.6.0_25"/>
    <property name="java.ext.dirs" value="C:\Program Files\Java\jdk1.6.0_25\jre\lib\ext;C:\Windows\Sun\Java\lib\ext"/>
    <property name="sun.boot.class.path" value="C:\Program Files\Java\jdk1.6.0_25\jre\lib\resources.jar;C:\Program Files\Java\jdk1.6.0_25\jre\lib\rt.jar;C:\Program Files\Java\jdk1.6.0_25\jre\lib\sunrsasign.jar;C:\Program Files\Java\jdk1.6.0_25\jre\lib\jsse.jar;C:\Program Files\Java\jdk1.6.0_25\jre\lib\jce.jar;C:\Program Files\Java\jdk1.6.0_25\jre\lib\charsets.jar;C:\Program Files\Java\jdk1.6.0_25\jre\lib\modules\jdk.boot.jar;C:\Program Files\Java\jdk1.6.0_25\jre\classes"/>
    <property name="java.vendor" value="Sun Microsystems Inc."/>
    <property name="localRepository" value="C:\Users\primosz67\.m2\repository"/>
    <property name="file.separator" value="\"/>
    <property name="java.vendor.url.bug" value="http://java.sun.com/cgi-bin/bugreport.cgi"/>
    <property name="sun.cpu.endian" value="little"/>
    <property name="sun.io.unicode.encoding" value="UnicodeLittle"/>
    <property name="sun.desktop" value="windows"/>
    <property name="sun.cpu.isalist" value="amd64"/>
  </properties>
  <testcase time="0.006" classname="com.tahona.di.TestBeanContainer" name="testBeanCreation"/>
  <testcase time="0" classname="com.tahona.di.TestBeanContainer" name="testSecondLevelBeanCreation"/>
  <testcase time="0.001" classname="com.tahona.di.TestBeanContainer" name="testThirdLevelBeanCreation"/>
  <testcase time="0.001" classname="com.tahona.di.TestBeanContainer" name="testLoopBeanCreation"/>
  <testcase time="0" classname="com.tahona.di.TestBeanContainer" name="testSimpleInjectBean"/>
  <testcase time="0" classname="com.tahona.di.TestBeanContainer" name="testRegisterByName"/>
  <testcase time="0.001" classname="com.tahona.di.TestBeanContainer" name="testAddInitializedBean"/>
  <testcase time="0.009" classname="com.tahona.di.TestBeanContainer" name="testInitAnnotationOnBean"/>
  <testcase time="0" classname="com.tahona.di.TestBeanContainer" name="testReplaceBean"/>
  <testcase time="0.003" classname="com.tahona.di.TestBeanContainer" name="testAnnotationScopeLocalBean"/>
  <testcase time="0.002" classname="com.tahona.di.TestBeanContainer" name="testInheritanceBean"/>
  <testcase time="0.001" classname="com.tahona.di.TestBeanContainer" name="testInheritanceSecondLevelBean"/>
  <testcase time="0.001" classname="com.tahona.di.TestBeanContainer" name="testSpeedTime"/>
</testsuite>